{"name":"Invalid Login Scenario with wrong username and password.","status":"broken","statusDetails":{"known":false,"muted":false,"flaky":false,"message":"For input string: \"\"","trace":"java.lang.NumberFormatException: For input string: \"\"\n\tat java.base/java.lang.NumberFormatException.forInputString(NumberFormatException.java:68)\n\tat java.base/java.lang.Integer.parseInt(Integer.java:662)\n\tat java.base/java.lang.Integer.parseInt(Integer.java:770)\n\tat pages.CatalogResultPage.checkIfProductInPriceRange(CatalogResultPage.java:67)\n\tat tests.MainTest.invalidLoginTest_InvalidUserNameInvalidPassword(MainTest.java:25)\n\tat java.base/jdk.internal.reflect.NativeMethodAccessorImpl.invoke0(Native Method)\n\tat java.base/jdk.internal.reflect.NativeMethodAccessorImpl.invoke(NativeMethodAccessorImpl.java:62)\n\tat java.base/jdk.internal.reflect.DelegatingMethodAccessorImpl.invoke(DelegatingMethodAccessorImpl.java:43)\n\tat java.base/java.lang.reflect.Method.invoke(Method.java:564)\n\tat org.testng.internal.MethodInvocationHelper.invokeMethod(MethodInvocationHelper.java:124)\n\tat org.testng.internal.Invoker.invokeMethod(Invoker.java:583)\n\tat org.testng.internal.Invoker.retryFailed(Invoker.java:839)\n\tat org.testng.internal.Invoker.invokeTestMethods(Invoker.java:1010)\n\tat org.testng.internal.TestMethodWorker.invokeTestMethods(TestMethodWorker.java:125)\n\tat org.testng.internal.TestMethodWorker.run(TestMethodWorker.java:109)\n\tat org.testng.TestRunner.privateRun(TestRunner.java:648)\n\tat org.testng.TestRunner.run(TestRunner.java:505)\n\tat org.testng.SuiteRunner.runTest(SuiteRunner.java:455)\n\tat org.testng.SuiteRunner.runSequentially(SuiteRunner.java:450)\n\tat org.testng.SuiteRunner.privateRun(SuiteRunner.java:415)\n\tat org.testng.SuiteRunner.run(SuiteRunner.java:364)\n\tat org.testng.SuiteRunnerWorker.runSuite(SuiteRunnerWorker.java:52)\n\tat org.testng.SuiteRunnerWorker.run(SuiteRunnerWorker.java:84)\n\tat org.testng.TestNG.runSuitesSequentially(TestNG.java:1208)\n\tat org.testng.TestNG.runSuitesLocally(TestNG.java:1137)\n\tat org.testng.TestNG.runSuites(TestNG.java:1049)\n\tat org.testng.TestNG.run(TestNG.java:1017)\n\tat org.apache.maven.surefire.testng.TestNGExecutor.run(TestNGExecutor.java:283)\n\tat org.apache.maven.surefire.testng.TestNGXmlTestSuite.execute(TestNGXmlTestSuite.java:75)\n\tat org.apache.maven.surefire.testng.TestNGProvider.invoke(TestNGProvider.java:120)\n\tat org.apache.maven.surefire.booter.ForkedBooter.invokeProviderInSameClassLoader(ForkedBooter.java:386)\n\tat org.apache.maven.surefire.booter.ForkedBooter.runSuitesInProcess(ForkedBooter.java:323)\n\tat org.apache.maven.surefire.booter.ForkedBooter.main(ForkedBooter.java:143)\n"},"stage":"finished","description":"Test Description: Login test with wrong username and wrong password.","steps":[{"name":"Open Index Step...","status":"passed","stage":"finished","steps":[],"attachments":[],"parameters":[],"start":1611079308758,"stop":1611079312573},{"name":"Open site catalog","status":"passed","stage":"finished","steps":[],"attachments":[],"parameters":[{"name":"category","value":"Бытовая техника"},{"name":"subcategory","value":"Кофеварки и кофемашины"}],"start":1611079312573,"stop":1611079317968},{"name":"Set price range 10000 - 11000","status":"passed","stage":"finished","steps":[],"attachments":[],"parameters":[{"name":"from","value":"10000"},{"name":"to","value":"11000"}],"start":1611079317971,"stop":1611079329260},{"name":"Check if products exists in the list","status":"passed","stage":"finished","steps":[],"attachments":[],"parameters":[],"start":1611079329260,"stop":1611079329305},{"name":"Check if products are in price range","status":"broken","statusDetails":{"known":false,"muted":false,"flaky":false,"message":"For input string: \"\"","trace":"java.lang.NumberFormatException: For input string: \"\"\n\tat java.base/java.lang.NumberFormatException.forInputString(NumberFormatException.java:68)\n\tat java.base/java.lang.Integer.parseInt(Integer.java:662)\n\tat java.base/java.lang.Integer.parseInt(Integer.java:770)\n\tat pages.CatalogResultPage.checkIfProductInPriceRange(CatalogResultPage.java:67)\n\tat tests.MainTest.invalidLoginTest_InvalidUserNameInvalidPassword(MainTest.java:25)\n\tat java.base/jdk.internal.reflect.NativeMethodAccessorImpl.invoke0(Native Method)\n\tat java.base/jdk.internal.reflect.NativeMethodAccessorImpl.invoke(NativeMethodAccessorImpl.java:62)\n\tat java.base/jdk.internal.reflect.DelegatingMethodAccessorImpl.invoke(DelegatingMethodAccessorImpl.java:43)\n\tat java.base/java.lang.reflect.Method.invoke(Method.java:564)\n\tat org.testng.internal.MethodInvocationHelper.invokeMethod(MethodInvocationHelper.java:124)\n\tat org.testng.internal.Invoker.invokeMethod(Invoker.java:583)\n\tat org.testng.internal.Invoker.retryFailed(Invoker.java:839)\n\tat org.testng.internal.Invoker.invokeTestMethods(Invoker.java:1010)\n\tat org.testng.internal.TestMethodWorker.invokeTestMethods(TestMethodWorker.java:125)\n\tat org.testng.internal.TestMethodWorker.run(TestMethodWorker.java:109)\n\tat org.testng.TestRunner.privateRun(TestRunner.java:648)\n\tat org.testng.TestRunner.run(TestRunner.java:505)\n\tat org.testng.SuiteRunner.runTest(SuiteRunner.java:455)\n\tat org.testng.SuiteRunner.runSequentially(SuiteRunner.java:450)\n\tat org.testng.SuiteRunner.privateRun(SuiteRunner.java:415)\n\tat org.testng.SuiteRunner.run(SuiteRunner.java:364)\n\tat org.testng.SuiteRunnerWorker.runSuite(SuiteRunnerWorker.java:52)\n\tat org.testng.SuiteRunnerWorker.run(SuiteRunnerWorker.java:84)\n\tat org.testng.TestNG.runSuitesSequentially(TestNG.java:1208)\n\tat org.testng.TestNG.runSuitesLocally(TestNG.java:1137)\n\tat org.testng.TestNG.runSuites(TestNG.java:1049)\n\tat org.testng.TestNG.run(TestNG.java:1017)\n\tat org.apache.maven.surefire.testng.TestNGExecutor.run(TestNGExecutor.java:283)\n\tat org.apache.maven.surefire.testng.TestNGXmlTestSuite.execute(TestNGXmlTestSuite.java:75)\n\tat org.apache.maven.surefire.testng.TestNGProvider.invoke(TestNGProvider.java:120)\n\tat org.apache.maven.surefire.booter.ForkedBooter.invokeProviderInSameClassLoader(ForkedBooter.java:386)\n\tat org.apache.maven.surefire.booter.ForkedBooter.runSuitesInProcess(ForkedBooter.java:323)\n\tat org.apache.maven.surefire.booter.ForkedBooter.main(ForkedBooter.java:143)\n"},"stage":"finished","steps":[],"attachments":[],"parameters":[{"name":"from","value":"10000"},{"name":"to","value":"11000"}],"start":1611079329305,"stop":1611079329926}],"attachments":[{"name":"Page screenshot","source":"ee90b9d4-c1fd-486d-bf8c-3fb200abc4cd-attachment","type":"image/png"},{"name":"invalidLoginTest_InvalidUserNameInvalidPassword failed and screenshot taken!","source":"45f2ba4b-35cf-4475-a429-e49fd818bfd2-attachment","type":"text/plain"},{"name":"Page screenshot","source":"354fcd89-a66b-4242-bdb7-2c469ce446d1-attachment","type":"image/png"},{"name":"invalidLoginTest_InvalidUserNameInvalidPassword failed and screenshot taken!","source":"d9b76d91-5659-4c3d-af2e-154870c081de-attachment","type":"text/plain"}],"parameters":[],"start":1611079308758,"stop":1611079332206,"uuid":"1cbf7848-7a36-45ff-be98-ccfc9d012018","historyId":"ddd68e98cf51f15ad6a31e02c565cbd2","fullName":"tests.MainTest.invalidLoginTest_InvalidUserNameInvalidPassword","labels":[{"name":"package","value":"tests.MainTest"},{"name":"testClass","value":"tests.MainTest"},{"name":"testMethod","value":"invalidLoginTest_InvalidUserNameInvalidPassword"},{"name":"parentSuite","value":"Ozon Test Suite"},{"name":"suite","value":"MainTest"},{"name":"subSuite","value":"tests.MainTest"},{"name":"host","value":"MacBook-Pro-Vladimir.local"},{"name":"thread","value":"8735@MacBook-Pro-Vladimir.local.main(1)"},{"name":"framework","value":"testng"},{"name":"language","value":"java"},{"name":"story","value":"Invalid username and password login test"},{"name":"feature","value":"Main Test"},{"name":"severity","value":"blocker"}],"links":[]}